<?xml version="1.0" encoding="UTF-8"?>
<testsuite name="MaximumNumberTest" tests="1" skipped="0" failures="0" errors="0" timestamp="2019-11-28T11:02:47" hostname="admin1-LIVA-Z2V" time="0.013">
  <properties/>
  <testcase name="checkGiven_String_FindMaximumNumber" classname="MaximumNumberTest" time="0.013"/>
  <system-out><![CDATA[aakshay
dklsf
fsdg
]]></system-out>
  <system-err><![CDATA[]]></system-err>
</testsuite>
