<?xml version="1.0" encoding="UTF-8"?>
<testsuite name="MaximumNumberTest" tests="1" skipped="0" failures="0" errors="0" timestamp="2019-11-28T10:37:37" hostname="admin1-LIVA-Z2V" time="0.012">
  <properties/>
  <testcase name="name" classname="MaximumNumberTest" time="0.012"/>
  <system-out><![CDATA[]]></system-out>
  <system-err><![CDATA[]]></system-err>
</testsuite>
