<?xml version="1.0" encoding="UTF-8"?>
<testsuite name="MaximumNumberTest" tests="3" skipped="0" failures="0" errors="0" timestamp="2019-11-28T12:12:24" hostname="admin1-LIVA-Z2V" time="0.02">
  <properties/>
  <testcase name="check_FloatNumbers_FindMaximumNumber" classname="MaximumNumberTest" time="0.01"/>
  <testcase name="checkGiven_String_FindMaximumNumber" classname="MaximumNumberTest" time="0.003"/>
  <testcase name="check_IntegerNumbers_FindMaximumNumber" classname="MaximumNumberTest" time="0.003"/>
  <system-out><![CDATA[Maximum value is : 6.5
Maximum value is : sk
Maximum value is : 4
]]></system-out>
  <system-err><![CDATA[]]></system-err>
</testsuite>
