<?xml version="1.0" encoding="UTF-8"?>
<testsuite name="MaximumNumberTest" tests="1" skipped="0" failures="0" errors="0" timestamp="2019-11-28T11:17:46" hostname="admin1-LIVA-Z2V" time="0.004">
  <properties/>
  <testcase name="checkGiven_GenericValueAnd_FindMaximumNumber" classname="MaximumNumberTest" time="0.004"/>
  <system-out><![CDATA[]]></system-out>
  <system-err><![CDATA[]]></system-err>
</testsuite>
