<?xml version="1.0" encoding="UTF-8"?>
<testsuite name="MaximumNumberTest" tests="3" skipped="0" failures="0" errors="0" timestamp="2019-11-28T12:05:53" hostname="admin1-LIVA-Z2V" time="0.011">
  <properties/>
  <testcase name="check_FloatNumbers_FindMaximumNumber" classname="MaximumNumberTest" time="0.004"/>
  <testcase name="checkGiven_String_FindMaximumNumber" classname="MaximumNumberTest" time="0.001"/>
  <testcase name="check_IntegerNumbers_FindMaximumNumber" classname="MaximumNumberTest" time="0.001"/>
  <system-out><![CDATA[]]></system-out>
  <system-err><![CDATA[]]></system-err>
</testsuite>
